1647744070033	geckodriver	INFO	Listening on 127.0.0.1:50078
1647744073100	mozrunner::runner	INFO	Running command: "C:\\Program Files\\Mozilla Firefox\\firefox.exe" "--marionette" "-no-remote" "-profile" "C:\\Users\\ARANYA~1\\AppData\\Local\\Temp\\rust_mozprofileaiyC68"
1647744073573	Marionette	INFO	Marionette enabled
console.warn: SearchSettings: "get: No settings file exists, new profile?" (new NotFoundError("Could not open the file at C:\\Users\\Aranya\u7231\u5403\\AppData\\Local\\Temp\\rust_mozprofileaiyC68\\search.json.mozlz4", (void 0)))
1647744075935	Marionette	INFO	Listening on port 50086
1647744076316	RemoteAgent	WARN	TLS certificate errors will be ignored for this session
JavaScript error: resource://gre/modules/AsyncShutdown.jsm, line 575: NotFoundError: No such JSWindowActor 'DevToolsFrame'
1647744167978	Marionette	INFO	Stopped listening on port 50086

###!!! [Parent][PGPUParent] Error: RunMessage(msgname=PGPU::Msg_ShutdownVR) Channel closing: too late to send/recv, messages will be lost

1647745742406	geckodriver	INFO	Listening on 127.0.0.1:50684
1647745745521	mozrunner::runner	INFO	Running command: "C:\\Program Files\\Mozilla Firefox\\firefox.exe" "--marionette" "-no-remote" "-profile" "C:\\Users\\ARANYA~1\\AppData\\Local\\Temp\\rust_mozprofileTEbruu"
1647745746408	Marionette	INFO	Marionette enabled
console.warn: SearchSettings: "get: No settings file exists, new profile?" (new NotFoundError("Could not open the file at C:\\Users\\Aranya\u7231\u5403\\AppData\\Local\\Temp\\rust_mozprofileTEbruu\\search.json.mozlz4", (void 0)))
1647745749126	Marionette	INFO	Listening on port 50692
1647745749266	RemoteAgent	WARN	TLS certificate errors will be ignored for this session
1647745751702	Marionette	INFO	Stopped listening on port 50692
JavaScript error: chrome://remote/content/marionette/cert.js, line 55: NS_ERROR_NOT_AVAILABLE: Component returned failure code: 0x80040111 (NS_ERROR_NOT_AVAILABLE) [nsICertOverrideService.setDisableAllSecurityChecksAndLetAttackersInterceptMyData]
1648131820470	geckodriver	INFO	Listening on 127.0.0.1:55006
1648131823533	mozrunner::runner	INFO	Running command: "C:\\Program Files\\Mozilla Firefox\\firefox.exe" "--marionette" "-no-remote" "-profile" "C:\\Users\\ARANYA~1\\AppData\\Local\\Temp\\rust_mozprofile0orhgj"
1648131824372	Marionette	INFO	Marionette enabled
console.warn: SearchSettings: "get: No settings file exists, new profile?" (new NotFoundError("Could not open the file at C:\\Users\\Aranya\u7231\u5403\\AppData\\Local\\Temp\\rust_mozprofile0orhgj\\search.json.mozlz4", (void 0)))
1648131827456	Marionette	INFO	Listening on port 55014
1648131827776	RemoteAgent	WARN	TLS certificate errors will be ignored for this session
1648712597192	geckodriver	INFO	Listening on 127.0.0.1:54754
1648712600354	mozrunner::runner	INFO	Running command: "C:\\Program Files\\Mozilla Firefox\\firefox.exe" "--marionette" "-no-remote" "-profile" "C:\\Users\\ARANYA~1\\AppData\\Local\\Temp\\rust_mozprofileGbCyek"
1648712602258	Marionette	INFO	Marionette enabled
console.warn: SearchSettings: "get: No settings file exists, new profile?" (new NotFoundError("Could not open the file at C:\\Users\\Aranya\u7231\u5403\\AppData\\Local\\Temp\\rust_mozprofileGbCyek\\search.json.mozlz4", (void 0)))
1648712606818	Marionette	INFO	Listening on port 54762
1648712606882	RemoteAgent	WARN	TLS certificate errors will be ignored for this session
1648712613357	Marionette	WARN	Ignoring event 'pageshow' because document has an invalid readyState of 'uninitialized'.
1648712613485	Marionette	INFO	Stopped listening on port 54762
1648712734875	geckodriver	INFO	Listening on 127.0.0.1:54823
1648712738018	mozrunner::runner	INFO	Running command: "C:\\Program Files\\Mozilla Firefox\\firefox.exe" "--marionette" "-no-remote" "-profile" "C:\\Users\\ARANYA~1\\AppData\\Local\\Temp\\rust_mozprofilehqN9CV"
1648712738443	Marionette	INFO	Marionette enabled
console.warn: SearchSettings: "get: No settings file exists, new profile?" (new NotFoundError("Could not open the file at C:\\Users\\Aranya\u7231\u5403\\AppData\\Local\\Temp\\rust_mozprofilehqN9CV\\search.json.mozlz4", (void 0)))
1648712740897	Marionette	INFO	Listening on port 54831
1648712741296	RemoteAgent	WARN	TLS certificate errors will be ignored for this session
1648712741535	Marionette	INFO	Stopped listening on port 54831
console.warn: TopSitesFeed: Failed to fetch data from Contile server: NetworkError when attempting to fetch resource.

###!!! [Parent][PGPUParent] Error: RunMessage(msgname=PGPU::Msg_ShutdownVR) Channel closing: too late to send/recv, messages will be lost

1649318122650	geckodriver	INFO	Listening on 127.0.0.1:56626
1649318125837	mozrunner::runner	INFO	Running command: "C:\\Program Files\\Mozilla Firefox\\firefox.exe" "--marionette" "-no-remote" "-profile" "C:\\Users\\ARANYA~1\\AppData\\Local\\Temp\\rust_mozprofileLfgdyJ"
1649318127021	Marionette	INFO	Marionette enabled
console.warn: SearchSettings: "get: No settings file exists, new profile?" (new NotFoundError("Could not open the file at C:\\Users\\Aranya\u7231\u5403\\AppData\\Local\\Temp\\rust_mozprofileLfgdyJ\\search.json.mozlz4", (void 0)))
1649318131104	Marionette	INFO	Listening on port 56634
1649318131291	RemoteAgent	WARN	TLS certificate errors will be ignored for this session
1649318131417	Marionette	INFO	Stopped listening on port 56634
console.error: Region.jsm: "Error fetching region" (new TypeError("NetworkError when attempting to fetch resource.", ""))
console.error: Region.jsm: "Failed to fetch region" (new Error("NO_RESULT", "resource://gre/modules/Region.jsm", 419))
console.error: services.settings: 
  main/query-stripping Signature failed  TypeError: NetworkError: Network request failed
console.warn: TopSitesFeed: Failed to fetch data from Contile server: NetworkError when attempting to fetch resource.

###!!! [Parent][PGPUParent] Error: RunMessage(msgname=PGPU::Msg_ShutdownVR) Channel closing: too late to send/recv, messages will be lost

1649318968036	geckodriver	INFO	Listening on 127.0.0.1:56710
1649318971203	mozrunner::runner	INFO	Running command: "C:\\Program Files\\Mozilla Firefox\\firefox.exe" "--marionette" "-no-remote" "-profile" "C:\\Users\\ARANYA~1\\AppData\\Local\\Temp\\rust_mozprofileWTbLYT"
1649318971705	Marionette	INFO	Marionette enabled
console.warn: SearchSettings: "get: No settings file exists, new profile?" (new NotFoundError("Could not open the file at C:\\Users\\Aranya\u7231\u5403\\AppData\\Local\\Temp\\rust_mozprofileWTbLYT\\search.json.mozlz4", (void 0)))
1649318973704	Marionette	INFO	Listening on port 56720
1649318973887	RemoteAgent	WARN	TLS certificate errors will be ignored for this session
1649318973990	Marionette	INFO	Stopped listening on port 56720
console.warn: TopSitesFeed: Failed to fetch data from Contile server: NetworkError when attempting to fetch resource.
console.error: Region.jsm: "Error fetching region" (new TypeError("NetworkError when attempting to fetch resource.", ""))
console.error: Region.jsm: "Failed to fetch region" (new Error("NO_RESULT", "resource://gre/modules/Region.jsm", 419))
console.error: services.settings: 
  main/query-stripping Signature failed  TypeError: NetworkError: Network request failed

###!!! [Parent][PGPUParent] Error: RunMessage(msgname=PGPU::Msg_ShutdownVR) Channel closing: too late to send/recv, messages will be lost

